0 info it worked if it ends with ok
1 verbose cli [ 'D:\\node.exe',
1 verbose cli   'D:\\node_modules\\npm\\bin\\npm-cli.js',
1 verbose cli   'install' ]
2 info using npm@2.15.9
3 info using node@v4.5.0
4 verbose stack Error: EPERM: operation not permitted, mkdir 'C:\Program Files\nodejs'
4 verbose stack     at Error (native)
5 verbose cwd E:\我的站点\NodeJs\app\js
6 error Windows_NT 10.0.10586
7 error argv "D:\\node.exe" "D:\\node_modules\\npm\\bin\\npm-cli.js" "install"
8 error node v4.5.0
9 error npm  v2.15.9
10 error path C:\Program Files\nodejs
11 error code EPERM
12 error errno -4048
13 error syscall mkdir
14 error Error: EPERM: operation not permitted, mkdir 'C:\Program Files\nodejs'
14 error     at Error (native)
14 error  { [Error: EPERM: operation not permitted, mkdir 'C:\Program Files\nodejs']
14 error   errno: -4048,
14 error   code: 'EPERM',
14 error   syscall: 'mkdir',
14 error   path: 'C:\\Program Files\\nodejs' }
15 error Please try running this command again as root/Administrator.
16 verbose exit [ -4048, true ]
